INFO flower 2022-07-12 23:53:55,551 | app.py:158 | Ray initialized with resources: {'memory': 6129207707.0, 'object_store_memory': 3064603852.0, 'node:172.28.0.2': 1.0, 'CPU': 2.0}
INFO flower 2022-07-12 23:53:55,552 | app.py:174 | Starting Flower simulation running: Config(num_rounds=3, round_timeout=None)
INFO flower 2022-07-12 23:53:55,554 | server.py:84 | Initializing global parameters
INFO flower 2022-07-12 23:53:55,554 | server.py:256 | Requesting initial parameters from one random client
INFO flower 2022-07-12 23:54:01,319 | server.py:259 | Received initial parameters from one random client
INFO flower 2022-07-12 23:54:01,320 | server.py:86 | Evaluating initial parameters
INFO flower 2022-07-12 23:54:01,320 | server.py:99 | FL starting
DEBUG flower 2022-07-12 23:54:01,320 | server.py:207 | fit_round: strategy sampled 10 clients (out of 100)
/usr/bin/python3: can't open file 'python3': [Errno 2] No such file or directory
[2m[36m(launch_and_fit pid=28629)[0m WARNING:tensorflow:5 out of the last 13 calls to <function Model.make_train_function.<locals>.train_function at 0x7f320988f170> triggered tf.function retracing. Tracing is expensive and the excessive number of tracings could be due to (1) creating @tf.function repeatedly in a loop, (2) passing tensors with different shapes, (3) passing Python objects instead of tensors. For (1), please define your @tf.function outside of the loop. For (2), @tf.function has experimental_relax_shapes=True option that relaxes argument shapes that can avoid unnecessary retracing. For (3), please refer to https://www.tensorflow.org/guide/function#controlling_retracing and https://www.tensorflow.org/api_docs/python/tf/function for  more details.
[2m[36m(launch_and_fit pid=28628)[0m WARNING:tensorflow:5 out of the last 13 calls to <function Model.make_train_function.<locals>.train_function at 0x7f41b53d45f0> triggered tf.function retracing. Tracing is expensive and the excessive number of tracings could be due to (1) creating @tf.function repeatedly in a loop, (2) passing tensors with different shapes, (3) passing Python objects instead of tensors. For (1), please define your @tf.function outside of the loop. For (2), @tf.function has experimental_relax_shapes=True option that relaxes argument shapes that can avoid unnecessary retracing. For (3), please refer to https://www.tensorflow.org/guide/function#controlling_retracing and https://www.tensorflow.org/api_docs/python/tf/function for  more details.
DEBUG flower 2022-07-12 23:55:51,078 | server.py:220 | fit_round received 10 results and 0 failures
WARNING flower 2022-07-12 23:55:55,325 | fedavg.py:237 | No fit_metrics_aggregation_fn provided
DEBUG flower 2022-07-12 23:55:55,351 | server.py:161 | evaluate_round: strategy sampled 10 clients (out of 100)
INFO flower 2022-07-12 23:56:48,947 | app.py:158 | Ray initialized with resources: {'memory': 4536385536.0, 'object_store_memory': 2268192768.0, 'CPU': 2.0, 'node:172.28.0.2': 1.0}
INFO flower 2022-07-12 23:56:48,948 | app.py:174 | Starting Flower simulation running: Config(num_rounds=3, round_timeout=None)
INFO flower 2022-07-12 23:56:48,964 | server.py:84 | Initializing global parameters
INFO flower 2022-07-12 23:56:48,964 | server.py:256 | Requesting initial parameters from one random client
INFO flower 2022-07-12 23:57:25,691 | server.py:259 | Received initial parameters from one random client
INFO flower 2022-07-12 23:57:25,692 | server.py:86 | Evaluating initial parameters
INFO flower 2022-07-12 23:57:25,692 | server.py:99 | FL starting
DEBUG flower 2022-07-12 23:57:25,692 | server.py:207 | fit_round: strategy sampled 10 clients (out of 100)
DEBUG flower 2022-07-13 00:00:54,898 | server.py:174 | evaluate_round received 10 results and 0 failures
WARNING flower 2022-07-13 00:00:54,899 | fedavg.py:268 | No evaluate_metrics_aggregation_fn provided
DEBUG flower 2022-07-13 00:00:54,899 | server.py:207 | fit_round: strategy sampled 10 clients (out of 100)
[2m[36m(launch_and_fit pid=29297)[0m WARNING:tensorflow:5 out of the last 13 calls to <function Model.make_train_function.<locals>.train_function at 0x7f89328f1710> triggered tf.function retracing. Tracing is expensive and the excessive number of tracings could be due to (1) creating @tf.function repeatedly in a loop, (2) passing tensors with different shapes, (3) passing Python objects instead of tensors. For (1), please define your @tf.function outside of the loop. For (2), @tf.function has experimental_relax_shapes=True option that relaxes argument shapes that can avoid unnecessary retracing. For (3), please refer to https://www.tensorflow.org/guide/function#controlling_retracing and https://www.tensorflow.org/api_docs/python/tf/function for  more details.
[2m[36m(launch_and_fit pid=29296)[0m WARNING:tensorflow:5 out of the last 13 calls to <function Model.make_train_function.<locals>.train_function at 0x7fcbf1098cb0> triggered tf.function retracing. Tracing is expensive and the excessive number of tracings could be due to (1) creating @tf.function repeatedly in a loop, (2) passing tensors with different shapes, (3) passing Python objects instead of tensors. For (1), please define your @tf.function outside of the loop. For (2), @tf.function has experimental_relax_shapes=True option that relaxes argument shapes that can avoid unnecessary retracing. For (3), please refer to https://www.tensorflow.org/guide/function#controlling_retracing and https://www.tensorflow.org/api_docs/python/tf/function for  more details.
DEBUG flower 2022-07-13 00:03:33,664 | server.py:220 | fit_round received 10 results and 0 failures
WARNING flower 2022-07-13 00:03:42,304 | fedavg.py:237 | No fit_metrics_aggregation_fn provided
DEBUG flower 2022-07-13 00:03:42,329 | server.py:161 | evaluate_round: strategy sampled 10 clients (out of 100)
DEBUG flower 2022-07-13 00:13:18,355 | server.py:174 | evaluate_round received 10 results and 0 failures
DEBUG flower 2022-07-13 00:13:18,356 | server.py:207 | fit_round: strategy sampled 10 clients (out of 100)
2022-07-13 00:17:18,486	WARNING worker.py:1326 -- A worker died or was killed while executing a task by an unexpected system error. To troubleshoot the problem, check the logs for the dead worker. RayTask ID: 98fccafd8d5fe750f425e9ba05858b224a08967301000000 Worker ID: ea0af36a45415d251a9902cc670cbb011d07cf9a624ec0df88ce52f4 Node ID: 27774c27d02d3d7211ce2cd051013a6d7a534ff7009d0cb7a64a0262 Worker IP address: 172.28.0.2 Worker port: 36907 Worker PID: 28628
2022-07-13 00:17:35,931	WARNING worker.py:1326 -- A worker died or was killed while executing a task by an unexpected system error. To troubleshoot the problem, check the logs for the dead worker. RayTask ID: f8b6e228b50b796810973d04e8c9863c91b093e101000000 Worker ID: 8cbd76006d4e805729e690cb1c813c4d439be8c67ede16efbd55a197 Node ID: 27774c27d02d3d7211ce2cd051013a6d7a534ff7009d0cb7a64a0262 Worker IP address: 172.28.0.2 Worker port: 37367 Worker PID: 28629
[2m[36m(launch_and_fit pid=29297)[0m WARNING:tensorflow:5 out of the last 13 calls to <function Model.make_train_function.<locals>.train_function at 0x7f8931f30b90> triggered tf.function retracing. Tracing is expensive and the excessive number of tracings could be due to (1) creating @tf.function repeatedly in a loop, (2) passing tensors with different shapes, (3) passing Python objects instead of tensors. For (1), please define your @tf.function outside of the loop. For (2), @tf.function has experimental_relax_shapes=True option that relaxes argument shapes that can avoid unnecessary retracing. For (3), please refer to https://www.tensorflow.org/guide/function#controlling_retracing and https://www.tensorflow.org/api_docs/python/tf/function for  more details.
[2m[36m(launch_and_fit pid=29296)[0m WARNING:tensorflow:5 out of the last 13 calls to <function Model.make_train_function.<locals>.train_function at 0x7fcbeaefa8c0> triggered tf.function retracing. Tracing is expensive and the excessive number of tracings could be due to (1) creating @tf.function repeatedly in a loop, (2) passing tensors with different shapes, (3) passing Python objects instead of tensors. For (1), please define your @tf.function outside of the loop. For (2), @tf.function has experimental_relax_shapes=True option that relaxes argument shapes that can avoid unnecessary retracing. For (3), please refer to https://www.tensorflow.org/guide/function#controlling_retracing and https://www.tensorflow.org/api_docs/python/tf/function for  more details.
2022-07-13 00:18:52,132	WARNING worker.py:1326 -- A worker died or was killed while executing a task by an unexpected system error. To troubleshoot the problem, check the logs for the dead worker. RayTask ID: 5aa88f6fa95cedfa58c3e16da1f3270135ada6df01000000 Worker ID: 297bfb23d78ebed45dc61fbc1a96d4dd52148180cd09699080f3fe3d Node ID: a5c8b7998d50fd51335931aeafb8178c4c365cbbf45db7ccdf8e98e5 Worker IP address: 172.28.0.2 Worker port: 39609 Worker PID: 29296
2022-07-13 00:18:52,998	WARNING worker.py:1326 -- A worker died or was killed while executing a task by an unexpected system error. To troubleshoot the problem, check the logs for the dead worker. RayTask ID: a10989d487f0b838eef45c2ee8824c71110f149801000000 Worker ID: 0bc07daea41c8911c96ffe1d2efb85aa092ba092127cbf6bbc07745c Node ID: a5c8b7998d50fd51335931aeafb8178c4c365cbbf45db7ccdf8e98e5 Worker IP address: 172.28.0.2 Worker port: 42577 Worker PID: 29297
2022-07-13 00:23:59,671	WARNING worker.py:1326 -- A worker died or was killed while executing a task by an unexpected system error. To troubleshoot the problem, check the logs for the dead worker. RayTask ID: 8df952d40e7a3898dae6642e66301b89873762ed01000000 Worker ID: 67b993d4a6792529a06447a670ac7ede5a3ecb48492118f82b093812 Node ID: a5c8b7998d50fd51335931aeafb8178c4c365cbbf45db7ccdf8e98e5 Worker IP address: 172.28.0.2 Worker port: 42857 Worker PID: 32081
